INFO  [2025-06-20 21:15:00,692] io.dropwizard.core.server.DefaultServerFactory: Registering jersey handler with root path prefix: /
INFO  [2025-06-20 21:15:00,693] io.dropwizard.core.server.DefaultServerFactory: Registering admin handler with root path prefix: /
INFO  [2025-06-20 21:15:00,873] io.dropwizard.core.server.ServerFactory: Starting UrlShortener
================================================================================

                              UrlShortener

================================================================================

INFO  [2025-06-20 21:15:00,909] org.eclipse.jetty.setuid.SetUIDListener: Opened application@7f323b3a{HTTP/1.1, (http/1.1)}{0.0.0.0:8080}
INFO  [2025-06-20 21:15:00,909] org.eclipse.jetty.setuid.SetUIDListener: Opened admin@4f169009{HTTP/1.1, (http/1.1)}{0.0.0.0:8081}
INFO  [2025-06-20 21:15:00,910] org.eclipse.jetty.server.Server: jetty-11.0.25; built: 2025-03-13T00:15:57.301Z; git: a2e9fae3ad8320f2a713d4fa29bba356a99d1295; jvm 22.0.1+8-16
INFO  [2025-06-20 21:15:00,913] io.dropwizard.health.HealthCheckConfigValidator: The following health check(s) were registered, but are not configured with a schedule:
  * application
  * database
  * deadlocks

INFO  [2025-06-20 21:15:01,040] io.dropwizard.jersey.DropwizardResourceConfig: The following paths were found for the configured resources:

    POST    /api/v1/links (com.urlshortener.api.LinksResource)
    GET     /{shortCode} (com.urlshortener.api.RedirectResource)

INFO  [2025-06-20 21:15:01,041] org.eclipse.jetty.server.handler.ContextHandler: Started i.d.j.MutableServletContextHandler@163e8949{/,null,AVAILABLE}
INFO  [2025-06-20 21:15:01,042] io.dropwizard.core.setup.AdminEnvironment: tasks = 

    POST    /tasks/log-level (io.dropwizard.servlets.tasks.LogConfigurationTask)
    POST    /tasks/gc (io.dropwizard.servlets.tasks.GarbageCollectionTask)

INFO  [2025-06-20 21:15:01,042] org.eclipse.jetty.server.handler.ContextHandler: Started i.d.j.MutableServletContextHandler@40dd552c{/,null,AVAILABLE}
INFO  [2025-06-20 21:15:01,045] org.eclipse.jetty.server.AbstractConnector: Started application@7f323b3a{HTTP/1.1, (http/1.1)}{0.0.0.0:8080}
INFO  [2025-06-20 21:15:01,045] org.eclipse.jetty.server.AbstractConnector: Started admin@4f169009{HTTP/1.1, (http/1.1)}{0.0.0.0:8081}
INFO  [2025-06-20 21:15:01,046] org.eclipse.jetty.server.Server: Started Server@42507640{STARTING}[11.0.25,sto=30000] @896ms
[0:0:0:0:0:0:0:1] - - [20/Jun/2025:21:15:11 +0000] "POST /api/v1/links HTTP/1.1" 201 54 "-" "curl/8.7.1" 54
[0:0:0:0:0:0:0:1] - - [20/Jun/2025:21:15:18 +0000] "GET /1 HTTP/1.1" 302 0 "-" "curl/8.7.1" 12
[0:0:0:0:0:0:0:1] - - [20/Jun/2025:21:15:29 +0000] "POST /api/v1/links HTTP/1.1" 201 54 "-" "curl/8.7.1" 3
[0:0:0:0:0:0:0:1] - - [20/Jun/2025:21:15:39 +0000] "GET /2 HTTP/1.1" 302 0 "-" "curl/8.7.1" 3
[0:0:0:0:0:0:0:1] - - [20/Jun/2025:21:15:53 +0000] "POST /api/v1/links HTTP/1.1" 201 54 "-" "curl/8.7.1" 4
[0:0:0:0:0:0:0:1] - - [20/Jun/2025:21:15:53 +0000] "POST /api/v1/links HTTP/1.1" 201 54 "-" "curl/8.7.1" 3
[0:0:0:0:0:0:0:1] - - [20/Jun/2025:21:15:53 +0000] "POST /api/v1/links HTTP/1.1" 201 54 "-" "curl/8.7.1" 3
[0:0:0:0:0:0:0:1] - - [20/Jun/2025:21:15:53 +0000] "POST /api/v1/links HTTP/1.1" 201 54 "-" "curl/8.7.1" 3
[0:0:0:0:0:0:0:1] - - [20/Jun/2025:21:15:53 +0000] "POST /api/v1/links HTTP/1.1" 201 54 "-" "curl/8.7.1" 3
[0:0:0:0:0:0:0:1] - - [20/Jun/2025:21:15:53 +0000] "POST /api/v1/links HTTP/1.1" 201 54 "-" "curl/8.7.1" 3
[0:0:0:0:0:0:0:1] - - [20/Jun/2025:21:15:53 +0000] "POST /api/v1/links HTTP/1.1" 201 54 "-" "curl/8.7.1" 3
[0:0:0:0:0:0:0:1] - - [20/Jun/2025:21:15:53 +0000] "POST /api/v1/links HTTP/1.1" 201 54 "-" "curl/8.7.1" 2
[0:0:0:0:0:0:0:1] - - [20/Jun/2025:21:15:54 +0000] "POST /api/v1/links HTTP/1.1" 201 54 "-" "curl/8.7.1" 2
[0:0:0:0:0:0:0:1] - - [20/Jun/2025:21:15:54 +0000] "POST /api/v1/links HTTP/1.1" 201 54 "-" "curl/8.7.1" 3
[0:0:0:0:0:0:0:1] - - [20/Jun/2025:21:15:54 +0000] "POST /api/v1/links HTTP/1.1" 201 54 "-" "curl/8.7.1" 2
[0:0:0:0:0:0:0:1] - - [20/Jun/2025:21:15:54 +0000] "POST /api/v1/links HTTP/1.1" 201 54 "-" "curl/8.7.1" 2
[0:0:0:0:0:0:0:1] - - [20/Jun/2025:21:15:54 +0000] "POST /api/v1/links HTTP/1.1" 201 54 "-" "curl/8.7.1" 2
[0:0:0:0:0:0:0:1] - - [20/Jun/2025:21:15:54 +0000] "POST /api/v1/links HTTP/1.1" 201 54 "-" "curl/8.7.1" 2
[0:0:0:0:0:0:0:1] - - [20/Jun/2025:21:15:54 +0000] "POST /api/v1/links HTTP/1.1" 201 54 "-" "curl/8.7.1" 3
[0:0:0:0:0:0:0:1] - - [20/Jun/2025:21:15:54 +0000] "POST /api/v1/links HTTP/1.1" 201 54 "-" "curl/8.7.1" 3
[0:0:0:0:0:0:0:1] - - [20/Jun/2025:21:15:54 +0000] "POST /api/v1/links HTTP/1.1" 201 54 "-" "curl/8.7.1" 2
[0:0:0:0:0:0:0:1] - - [20/Jun/2025:21:15:54 +0000] "POST /api/v1/links HTTP/1.1" 201 54 "-" "curl/8.7.1" 3
[0:0:0:0:0:0:0:1] - - [20/Jun/2025:21:15:54 +0000] "POST /api/v1/links HTTP/1.1" 201 54 "-" "curl/8.7.1" 3
[0:0:0:0:0:0:0:1] - - [20/Jun/2025:21:15:54 +0000] "POST /api/v1/links HTTP/1.1" 201 54 "-" "curl/8.7.1" 3
[0:0:0:0:0:0:0:1] - - [20/Jun/2025:21:15:54 +0000] "POST /api/v1/links HTTP/1.1" 201 54 "-" "curl/8.7.1" 2
[0:0:0:0:0:0:0:1] - - [20/Jun/2025:21:15:54 +0000] "POST /api/v1/links HTTP/1.1" 201 54 "-" "curl/8.7.1" 3
[0:0:0:0:0:0:0:1] - - [20/Jun/2025:21:15:54 +0000] "POST /api/v1/links HTTP/1.1" 201 54 "-" "curl/8.7.1" 2
[0:0:0:0:0:0:0:1] - - [20/Jun/2025:21:15:54 +0000] "POST /api/v1/links HTTP/1.1" 201 54 "-" "curl/8.7.1" 2
[0:0:0:0:0:0:0:1] - - [20/Jun/2025:21:15:54 +0000] "POST /api/v1/links HTTP/1.1" 201 54 "-" "curl/8.7.1" 3
[0:0:0:0:0:0:0:1] - - [20/Jun/2025:21:15:54 +0000] "POST /api/v1/links HTTP/1.1" 201 54 "-" "curl/8.7.1" 3
[0:0:0:0:0:0:0:1] - - [20/Jun/2025:21:15:54 +0000] "POST /api/v1/links HTTP/1.1" 201 54 "-" "curl/8.7.1" 2
[0:0:0:0:0:0:0:1] - - [20/Jun/2025:21:15:54 +0000] "POST /api/v1/links HTTP/1.1" 201 54 "-" "curl/8.7.1" 2
[0:0:0:0:0:0:0:1] - - [20/Jun/2025:21:15:54 +0000] "POST /api/v1/links HTTP/1.1" 201 54 "-" "curl/8.7.1" 3
[0:0:0:0:0:0:0:1] - - [20/Jun/2025:21:15:54 +0000] "POST /api/v1/links HTTP/1.1" 201 54 "-" "curl/8.7.1" 2
[0:0:0:0:0:0:0:1] - - [20/Jun/2025:21:15:54 +0000] "POST /api/v1/links HTTP/1.1" 201 54 "-" "curl/8.7.1" 2
[0:0:0:0:0:0:0:1] - - [20/Jun/2025:21:15:54 +0000] "POST /api/v1/links HTTP/1.1" 201 54 "-" "curl/8.7.1" 2
[0:0:0:0:0:0:0:1] - - [20/Jun/2025:21:15:54 +0000] "POST /api/v1/links HTTP/1.1" 201 54 "-" "curl/8.7.1" 2
[0:0:0:0:0:0:0:1] - - [20/Jun/2025:21:15:54 +0000] "POST /api/v1/links HTTP/1.1" 201 54 "-" "curl/8.7.1" 2
[0:0:0:0:0:0:0:1] - - [20/Jun/2025:21:15:54 +0000] "POST /api/v1/links HTTP/1.1" 201 54 "-" "curl/8.7.1" 2
[0:0:0:0:0:0:0:1] - - [20/Jun/2025:21:15:54 +0000] "POST /api/v1/links HTTP/1.1" 201 54 "-" "curl/8.7.1" 3
[0:0:0:0:0:0:0:1] - - [20/Jun/2025:21:15:54 +0000] "POST /api/v1/links HTTP/1.1" 201 54 "-" "curl/8.7.1" 3
[0:0:0:0:0:0:0:1] - - [20/Jun/2025:21:15:54 +0000] "POST /api/v1/links HTTP/1.1" 201 54 "-" "curl/8.7.1" 3
[0:0:0:0:0:0:0:1] - - [20/Jun/2025:21:15:54 +0000] "POST /api/v1/links HTTP/1.1" 201 54 "-" "curl/8.7.1" 2
[0:0:0:0:0:0:0:1] - - [20/Jun/2025:21:15:54 +0000] "POST /api/v1/links HTTP/1.1" 201 54 "-" "curl/8.7.1" 2
[0:0:0:0:0:0:0:1] - - [20/Jun/2025:21:15:54 +0000] "POST /api/v1/links HTTP/1.1" 201 54 "-" "curl/8.7.1" 2
[0:0:0:0:0:0:0:1] - - [20/Jun/2025:21:15:54 +0000] "POST /api/v1/links HTTP/1.1" 201 54 "-" "curl/8.7.1" 1
[0:0:0:0:0:0:0:1] - - [20/Jun/2025:21:15:54 +0000] "POST /api/v1/links HTTP/1.1" 201 54 "-" "curl/8.7.1" 2
[0:0:0:0:0:0:0:1] - - [20/Jun/2025:21:15:54 +0000] "POST /api/v1/links HTTP/1.1" 201 54 "-" "curl/8.7.1" 2
[0:0:0:0:0:0:0:1] - - [20/Jun/2025:21:15:54 +0000] "POST /api/v1/links HTTP/1.1" 201 54 "-" "curl/8.7.1" 2
[0:0:0:0:0:0:0:1] - - [20/Jun/2025:21:15:54 +0000] "POST /api/v1/links HTTP/1.1" 201 54 "-" "curl/8.7.1" 3
[0:0:0:0:0:0:0:1] - - [20/Jun/2025:21:15:54 +0000] "POST /api/v1/links HTTP/1.1" 201 54 "-" "curl/8.7.1" 2
[0:0:0:0:0:0:0:1] - - [20/Jun/2025:21:15:54 +0000] "POST /api/v1/links HTTP/1.1" 201 54 "-" "curl/8.7.1" 2
[0:0:0:0:0:0:0:1] - - [20/Jun/2025:21:15:54 +0000] "POST /api/v1/links HTTP/1.1" 201 54 "-" "curl/8.7.1" 2
[0:0:0:0:0:0:0:1] - - [20/Jun/2025:21:15:54 +0000] "POST /api/v1/links HTTP/1.1" 201 54 "-" "curl/8.7.1" 2
[0:0:0:0:0:0:0:1] - - [20/Jun/2025:21:15:54 +0000] "POST /api/v1/links HTTP/1.1" 201 54 "-" "curl/8.7.1" 1
[0:0:0:0:0:0:0:1] - - [20/Jun/2025:21:15:54 +0000] "POST /api/v1/links HTTP/1.1" 201 54 "-" "curl/8.7.1" 2
[0:0:0:0:0:0:0:1] - - [20/Jun/2025:21:15:54 +0000] "POST /api/v1/links HTTP/1.1" 201 54 "-" "curl/8.7.1" 2
[0:0:0:0:0:0:0:1] - - [20/Jun/2025:21:15:54 +0000] "POST /api/v1/links HTTP/1.1" 201 54 "-" "curl/8.7.1" 2
[0:0:0:0:0:0:0:1] - - [20/Jun/2025:21:15:54 +0000] "POST /api/v1/links HTTP/1.1" 201 54 "-" "curl/8.7.1" 2
[0:0:0:0:0:0:0:1] - - [20/Jun/2025:21:15:54 +0000] "POST /api/v1/links HTTP/1.1" 201 54 "-" "curl/8.7.1" 2
[0:0:0:0:0:0:0:1] - - [20/Jun/2025:21:15:54 +0000] "POST /api/v1/links HTTP/1.1" 201 54 "-" "curl/8.7.1" 2
[0:0:0:0:0:0:0:1] - - [20/Jun/2025:21:15:54 +0000] "POST /api/v1/links HTTP/1.1" 201 54 "-" "curl/8.7.1" 2
[0:0:0:0:0:0:0:1] - - [20/Jun/2025:21:15:54 +0000] "POST /api/v1/links HTTP/1.1" 201 54 "-" "curl/8.7.1" 3
[0:0:0:0:0:0:0:1] - - [20/Jun/2025:21:15:54 +0000] "POST /api/v1/links HTTP/1.1" 201 56 "-" "curl/8.7.1" 2
[0:0:0:0:0:0:0:1] - - [20/Jun/2025:21:15:54 +0000] "POST /api/v1/links HTTP/1.1" 201 56 "-" "curl/8.7.1" 3
[0:0:0:0:0:0:0:1] - - [20/Jun/2025:21:15:54 +0000] "POST /api/v1/links HTTP/1.1" 201 56 "-" "curl/8.7.1" 2
[0:0:0:0:0:0:0:1] - - [20/Jun/2025:21:15:54 +0000] "POST /api/v1/links HTTP/1.1" 201 56 "-" "curl/8.7.1" 2
[0:0:0:0:0:0:0:1] - - [20/Jun/2025:21:16:05 +0000] "GET /10 HTTP/1.1" 302 0 "-" "curl/8.7.1" 2
INFO  [2025-06-20 21:26:17,930] io.dropwizard.health.HealthCheckManager: delayed shutdown: started (waiting 5 seconds)
INFO  [2025-06-20 21:26:22,937] io.dropwizard.health.HealthCheckManager: delayed shutdown: finished
INFO  [2025-06-20 21:26:22,939] org.eclipse.jetty.server.Server: Stopped Server@42507640{STOPPING}[11.0.25,sto=30000]
INFO  [2025-06-20 21:26:22,939] org.eclipse.jetty.server.Server: Shutdown Server@42507640{STOPPING}[11.0.25,sto=30000]
INFO  [2025-06-20 21:26:22,954] org.eclipse.jetty.server.AbstractConnector: Stopped application@7f323b3a{HTTP/1.1, (http/1.1)}{0.0.0.0:8080}
INFO  [2025-06-20 21:26:22,955] org.eclipse.jetty.server.AbstractConnector: Stopped admin@4f169009{HTTP/1.1, (http/1.1)}{0.0.0.0:8081}
INFO  [2025-06-20 21:26:22,958] org.eclipse.jetty.server.handler.ContextHandler: Stopped i.d.j.MutableServletContextHandler@40dd552c{/,null,STOPPED}
INFO  [2025-06-20 21:26:22,972] org.eclipse.jetty.server.handler.ContextHandler: Stopped i.d.j.MutableServletContextHandler@163e8949{/,null,STOPPED}
